#
# A fatal error has been detected by the Java Runtime Environment:
#
#  EXCEPTION_ACCESS_VIOLATION (0xc0000005) at pc=0x0000000066257abf, pid=15668, tid=0x0000000000003574
#
# JRE version: Java(TM) SE Runtime Environment (8.0_221-b11) (build 1.8.0_221-b11)
# Java VM: Java HotSpot(TM) 64-Bit Server VM (25.221-b11 mixed mode windows-amd64 compressed oops)
# Problematic frame:
# V  [jvm.dll+0x3b7abf]
#
# Failed to write core dump. Minidumps are not enabled by default on client versions of Windows
#
# If you would like to submit a bug report, please visit:
#   http://bugreport.java.com/bugreport/crash.jsp
#

---------------  T H R E A D  ---------------

Current thread (0x0000000002940000):  GCTaskThread [stack: 0x0000000013030000,0x0000000013130000] [id=13684]

siginfo: ExceptionCode=0xc0000005, ExceptionInformation=0x0000000000000008 0x0000000000000000

Registers:
RAX=0x0000000000006473, RBX=0x0000000000000001, RCX=0x0000000000000000, RDX=0x0000000002a17660
RSP=0x000000001312f9d0, RBP=0x000000001312fab0, RSI=0x0000000000000005, RDI=0x0000000002a15d80
R8 =0x0000000000000000, R9 =0x0000000070485464, R10=0x0000000000000008, R11=0x0000000000010341
R12=0x0000000000000000, R13=0x000000001312fac8, R14=0x0000000000000000, R15=0x00000000029403b0
RIP=0x0000000066257abf, EFLAGS=0x0000000000010246

Top of Stack: (sp=0x000000001312f9d0)
0x000000001312f9d0:   0000000002a17ae0 00000000664fafd8
0x000000001312f9e0:   000282a100010341 000282a200010341
0x000000001312f9f0:   00028c7900006473 0000000000000000
0x000000001312fa00:   0000000600000000 0002513b0000f21a
0x000000001312fa10:   0000000782318970 0000000065fb5336
0x000000001312fa20:   0000000782318978 0000000002933820
0x000000001312fa30:   00000000029403b0 00000000029403a0
0x000000001312fa40:   00000000029403a0 0000000002933820
0x000000001312fa50:   00000000664fafd8 0000000000000005
0x000000001312fa60:   0000000035101230 0000000066299297
0x000000001312fa70:   0000000782318978 0000000002a17ae0
0x000000001312fa80:   0000000000000000 00000000664fafd8
0x000000001312fa90:   000000077f0cf458 0000000000049600
0x000000001312faa0:   0000000035101230 000000006629677e
0x000000001312fab0:   0000000070485464 0000000002940000
0x000000001312fac0:   0000000000000000 0000000782318960 

Instructions: (pc=0x0000000066257abf)
0x0000000066257a9f:   0a 48 89 44 24 20 8b 44 24 20 2b c8 81 e1 ff ff
0x0000000066257aaf:   01 00 81 f9 ff ff 01 00 41 0f 44 ce 85 c9 75 07
0x0000000066257abf:   32 c0 e9 e3 00 00 00 8b 4c 24 20 48 8b 42 30 48
0x0000000066257acf:   8b 0c c8 48 8b 5c 24 20 8d 43 01 48 89 9c 24 a0 


Register to memory mapping:

RAX=0x0000000000006473 is an unknown value
RBX=0x0000000000000001 is an unknown value
RCX=0x0000000000000000 is an unknown value
RDX=0x0000000002a17660 is an unknown value
RSP=0x000000001312f9d0 is an unknown value
RBP=0x000000001312fab0 is an unknown value
RSI=0x0000000000000005 is an unknown value
RDI=0x0000000002a15d80 is an unknown value
R8 =0x0000000000000000 is an unknown value
R9 =0x0000000070485464 is an unknown value
R10=0x0000000000000008 is an unknown value
R11=0x0000000000010341 is an unknown value
R12=0x0000000000000000 is an unknown value
R13=0x000000001312fac8 is an unknown value
R14=0x0000000000000000 is an unknown value
R15=0x00000000029403b0 is an unknown value


Stack: [0x0000000013030000,0x0000000013130000],  sp=0x000000001312f9d0,  free space=1022k
Native frames: (J=compiled Java code, j=interpreted, Vv=VM code, C=native code)
V  [jvm.dll+0x3b7abf]
V  [jvm.dll+0x3f9297]
V  [jvm.dll+0x3f677e]
V  [jvm.dll+0x29fb8a]
C  [msvcr100.dll+0x21d9f]
C  [msvcr100.dll+0x21e3b]
C  [KERNEL32.DLL+0x17bd4]
C  [ntdll.dll+0x6cee1]


---------------  P R O C E S S  ---------------

Java Threads: ( => current thread )
  0x00000000202a2000 JavaThread "Direct Clip" daemon [_thread_blocked, id=7952, stack(0x000000002ada0000,0x000000002aea0000)]
  0x00000000202a1800 JavaThread "Direct Clip" daemon [_thread_blocked, id=8156, stack(0x000000002aca0000,0x000000002ada0000)]
  0x000000001fdb3000 JavaThread "Direct Clip" daemon [_thread_blocked, id=8312, stack(0x000000002aba0000,0x000000002aca0000)]
  0x000000001fdb3800 JavaThread "Direct Clip" daemon [_thread_blocked, id=8268, stack(0x000000002aaa0000,0x000000002aba0000)]
  0x000000001fdb0000 JavaThread "Direct Clip" daemon [_thread_blocked, id=1764, stack(0x000000002a9a0000,0x000000002aaa0000)]
  0x000000001fdaf000 JavaThread "Direct Clip" daemon [_thread_blocked, id=11340, stack(0x000000002a8a0000,0x000000002a9a0000)]
  0x000000001fdb1800 JavaThread "Direct Clip" daemon [_thread_blocked, id=13152, stack(0x000000002a3a0000,0x000000002a4a0000)]
  0x000000001fdb2000 JavaThread "Direct Clip" daemon [_thread_blocked, id=1988, stack(0x000000002a2a0000,0x000000002a3a0000)]
  0x000000001fdb5000 JavaThread "Direct Clip" daemon [_thread_blocked, id=6548, stack(0x000000002a1a0000,0x000000002a2a0000)]
  0x000000001fdae800 JavaThread "Direct Clip" daemon [_thread_blocked, id=6296, stack(0x000000002a0a0000,0x000000002a1a0000)]
  0x000000001fdb4800 JavaThread "Direct Clip" daemon [_thread_blocked, id=5600, stack(0x0000000029fa0000,0x000000002a0a0000)]
  0x000000001fdb0800 JavaThread "Direct Clip" daemon [_thread_blocked, id=8048, stack(0x0000000029ca0000,0x0000000029da0000)]
  0x000000002003a800 JavaThread "Direct Clip" daemon [_thread_blocked, id=14084, stack(0x0000000028d30000,0x0000000028e30000)]
  0x0000000000dde000 JavaThread "DestroyJavaVM" [_thread_blocked, id=10044, stack(0x0000000002820000,0x0000000002920000)]
  0x000000001fefa800 JavaThread "Thread-5" [_thread_blocked, id=7816, stack(0x0000000028f00000,0x0000000029000000)]
  0x000000001fdca800 JavaThread "Direct Clip" daemon [_thread_blocked, id=7972, stack(0x0000000028c30000,0x0000000028d30000)]
  0x000000001fdc8800 JavaThread "Java Sound Event Dispatcher" daemon [_thread_blocked, id=8976, stack(0x0000000027950000,0x0000000027a50000)]
  0x000000001fc6f000 JavaThread "D3D Screen Updater" daemon [_thread_blocked, id=7668, stack(0x0000000027fc0000,0x00000000280c0000)]
  0x000000001fc0d000 JavaThread "AWT-EventQueue-0" [_thread_blocked, id=2160, stack(0x0000000027dc0000,0x0000000027ec0000)]
  0x000000001fb8d000 JavaThread "AWT-Windows" daemon [_thread_blocked, id=2132, stack(0x0000000020540000,0x0000000020640000)]
  0x000000001fb8c000 JavaThread "AWT-Shutdown" [_thread_blocked, id=2460, stack(0x0000000020440000,0x0000000020540000)]
  0x000000001fb8b800 JavaThread "Java2D Disposer" daemon [_thread_blocked, id=1192, stack(0x0000000020340000,0x0000000020440000)]
  0x000000001de4e000 JavaThread "Service Thread" daemon [_thread_blocked, id=14420, stack(0x000000001f800000,0x000000001f900000)]
  0x000000001dde2800 JavaThread "C1 CompilerThread3" daemon [_thread_blocked, id=15296, stack(0x000000001f700000,0x000000001f800000)]
  0x000000001ddc2000 JavaThread "C2 CompilerThread2" daemon [_thread_blocked, id=16172, stack(0x000000001f600000,0x000000001f700000)]
  0x000000001ddbc000 JavaThread "C2 CompilerThread1" daemon [_thread_blocked, id=10148, stack(0x000000001f500000,0x000000001f600000)]
  0x000000001ddae800 JavaThread "C2 CompilerThread0" daemon [_thread_blocked, id=8628, stack(0x000000001f400000,0x000000001f500000)]
  0x000000001ddac000 JavaThread "Attach Listener" daemon [_thread_blocked, id=10064, stack(0x000000001f300000,0x000000001f400000)]
  0x000000001ddaa800 JavaThread "Signal Dispatcher" daemon [_thread_blocked, id=1640, stack(0x000000001f200000,0x000000001f300000)]
  0x000000001dda3000 JavaThread "Finalizer" daemon [_thread_blocked, id=14896, stack(0x000000001f000000,0x000000001f100000)]
  0x000000001c6cd000 JavaThread "Reference Handler" daemon [_thread_blocked, id=16212, stack(0x000000001ef00000,0x000000001f000000)]

Other Threads:
  0x000000001c6c6800 VMThread [stack: 0x000000001ee00000,0x000000001ef00000] [id=14744]
  0x000000001de59800 WatcherThread [stack: 0x000000001f900000,0x000000001fa00000] [id=1016]

=>0x0000000002940000 (exited) GCTaskThread [stack: 0x0000000013030000,0x0000000013130000] [id=13684]

VM state:at safepoint (normal execution)

VM Mutex/Monitor currently owned by a thread:  ([mutex/lock_event])
[0x0000000000ddd010] Threads_lock - owner thread: 0x000000001c6c6800
[0x0000000000ddd710] Heap_lock - owner thread: 0x000000001fc0d000

heap address: 0x00000006c1400000, size: 4076 MB, Compressed Oops mode: Zero based, Oop shift amount: 3
Narrow klass base: 0x0000000000000000, Narrow klass shift: 3
Compressed class space size: 1073741824 Address: 0x00000007c0000000

Heap:
 PSYoungGen      total 452608K, used 168930K [0x000000076b180000, 0x00000007a1000000, 0x00000007c0000000)
  eden space 283648K, 0% used [0x000000076b180000,0x000000076b180000,0x000000077c680000)
  from space 168960K, 99% used [0x000000077c680000,0x0000000786b78bd8,0x0000000786b80000)
  to   space 230912K, 0% used [0x0000000792e80000,0x0000000792e80000,0x00000007a1000000)
 ParOldGen       total 366080K, used 296215K [0x00000006c1400000, 0x00000006d7980000, 0x000000076b180000)
  object space 366080K, 80% used [0x00000006c1400000,0x00000006d3545cb0,0x00000006d7980000)
 Metaspace       used 13284K, capacity 13514K, committed 13696K, reserved 1060864K
  class space    used 1538K, capacity 1622K, committed 1664K, reserved 1048576K

Card table byte_map: [0x0000000011de0000,0x00000000125e0000] byte_map_base: 0x000000000e7d6000

Marking Bits: (ParMarkBitMap*) 0x00000000666c5ce0
 Begin Bits: [0x0000000013530000, 0x00000000174e0000)
 End Bits:   [0x00000000174e0000, 0x000000001b490000)

Polling page: 0x0000000000f90000

CodeCache: size=245760Kb used=6242Kb max_used=6264Kb free=239517Kb
 bounds [0x0000000002a20000, 0x0000000003050000, 0x0000000011a20000]
 total_blobs=2285 nmethods=1755 adapters=443
 compilation: enabled

Compilation events (10 events):
Event: 5.970 Thread 0x000000001dde2800 1751 %     3       world.WorldGenerator::loadTopper @ 54 (263 bytes)
Event: 5.971 Thread 0x000000001dde2800 nmethod 1751% 0x0000000003018550 code [0x0000000003018980, 0x000000000301af58]
Event: 5.971 Thread 0x000000001dde2800 1752       3       world.WorldGenerator::loadTopper (263 bytes)
Event: 5.972 Thread 0x000000001dde2800 nmethod 1752 0x000000000300ef90 code [0x000000000300f3a0, 0x00000000030118d8]
Event: 5.973 Thread 0x000000001ddc2000 1753 %     4       world.WorldGenerator::loadTopper @ 54 (263 bytes)
Event: 5.975 Thread 0x000000001dde2800 1754       3       creatures.Player::getPlayerData (22 bytes)
Event: 5.975 Thread 0x000000001dde2800 nmethod 1754 0x0000000003003110 code [0x0000000003003280, 0x0000000003003510]
Event: 5.978 Thread 0x000000001ddc2000 nmethod 1753% 0x000000000301e850 code [0x000000000301e9c0, 0x000000000301f1b8]
Event: 6.001 Thread 0x000000001ddbc000 nmethod 1671 0x0000000003026290 code [0x0000000003026c40, 0x000000000302c6e8]
Event: 6.011 Thread 0x000000001ddae800 nmethod 1743 0x000000000303b410 code [0x000000000303b840, 0x00000000030401d8]

GC Heap History (10 events):
Event: 5.447 GC heap after
Heap after GC invocations=7 (full 2):
 PSYoungGen      total 109056K, used 0K [0x000000076b180000, 0x0000000782d80000, 0x00000007c0000000)
  eden space 98304K, 0% used [0x000000076b180000,0x000000076b180000,0x0000000771180000)
  from space 10752K, 0% used [0x0000000771180000,0x0000000771180000,0x0000000771c00000)
  to   space 102400K, 0% used [0x000000077c980000,0x000000077c980000,0x0000000782d80000)
 ParOldGen       total 366080K, used 154373K [0x00000006c1400000, 0x00000006d7980000, 0x000000076b180000)
  object space 366080K, 42% used [0x00000006c1400000,0x00000006caac1628,0x00000006d7980000)
 Metaspace       used 12842K, capacity 13034K, committed 13184K, reserved 1060864K
  class space    used 1509K, capacity 1590K, committed 1664K, reserved 1048576K
}
Event: 5.513 GC heap before
{Heap before GC invocations=8 (full 2):
 PSYoungGen      total 109056K, used 98304K [0x000000076b180000, 0x0000000782d80000, 0x00000007c0000000)
  eden space 98304K, 100% used [0x000000076b180000,0x0000000771180000,0x0000000771180000)
  from space 10752K, 0% used [0x0000000771180000,0x0000000771180000,0x0000000771c00000)
  to   space 102400K, 0% used [0x000000077c980000,0x000000077c980000,0x0000000782d80000)
 ParOldGen       total 366080K, used 154373K [0x00000006c1400000, 0x00000006d7980000, 0x000000076b180000)
  object space 366080K, 42% used [0x00000006c1400000,0x00000006caac1628,0x00000006d7980000)
 Metaspace       used 12874K, capacity 13034K, committed 13184K, reserved 1060864K
  class space    used 1517K, capacity 1590K, committed 1664K, reserved 1048576K
Event: 5.547 GC heap after
Heap after GC invocations=8 (full 2):
 PSYoungGen      total 264192K, used 85424K [0x000000076b180000, 0x0000000783080000, 0x00000007c0000000)
  eden space 161792K, 0% used [0x000000076b180000,0x000000076b180000,0x0000000774f80000)
  from space 102400K, 83% used [0x000000077c980000,0x0000000781cec068,0x0000000782d80000)
  to   space 115200K, 0% used [0x0000000774f80000,0x0000000774f80000,0x000000077c000000)
 ParOldGen       total 366080K, used 154381K [0x00000006c1400000, 0x00000006d7980000, 0x000000076b180000)
  object space 366080K, 42% used [0x00000006c1400000,0x00000006caac3628,0x00000006d7980000)
 Metaspace       used 12874K, capacity 13034K, committed 13184K, reserved 1060864K
  class space    used 1517K, capacity 1590K, committed 1664K, reserved 1048576K
}
Event: 5.648 GC heap before
{Heap before GC invocations=9 (full 2):
 PSYoungGen      total 264192K, used 247216K [0x000000076b180000, 0x0000000783080000, 0x00000007c0000000)
  eden space 161792K, 100% used [0x000000076b180000,0x0000000774f80000,0x0000000774f80000)
  from space 102400K, 83% used [0x000000077c980000,0x0000000781cec068,0x0000000782d80000)
  to   space 115200K, 0% used [0x0000000774f80000,0x0000000774f80000,0x000000077c000000)
 ParOldGen       total 366080K, used 154381K [0x00000006c1400000, 0x00000006d7980000, 0x000000076b180000)
  object space 366080K, 42% used [0x00000006c1400000,0x00000006caac3628,0x00000006d7980000)
 Metaspace       used 12889K, capacity 13034K, committed 13184K, reserved 1060864K
  class space    used 1517K, capacity 1590K, committed 1664K, reserved 1048576K
Event: 5.703 GC heap after
Heap after GC invocations=9 (full 2):
 PSYoungGen      total 276992K, used 115199K [0x000000076b180000, 0x0000000790e00000, 0x00000007c0000000)
  eden space 161792K, 0% used [0x000000076b180000,0x000000076b180000,0x0000000774f80000)
  from space 115200K, 99% used [0x0000000774f80000,0x000000077bfffc20,0x000000077c000000)
  to   space 166400K, 0% used [0x0000000786b80000,0x0000000786b80000,0x0000000790e00000)
 ParOldGen       total 366080K, used 211893K [0x00000006c1400000, 0x00000006d7980000, 0x000000076b180000)
  object space 366080K, 57% used [0x00000006c1400000,0x00000006ce2ed628,0x00000006d7980000)
 Metaspace       used 12889K, capacity 13034K, committed 13184K, reserved 1060864K
  class space    used 1517K, capacity 1590K, committed 1664K, reserved 1048576K
}
Event: 5.845 GC heap before
{Heap before GC invocations=10 (full 2):
 PSYoungGen      total 276992K, used 269341K [0x000000076b180000, 0x0000000790e00000, 0x00000007c0000000)
  eden space 161792K, 95% used [0x000000076b180000,0x0000000774807af0,0x0000000774f80000)
  from space 115200K, 99% used [0x0000000774f80000,0x000000077bfffc20,0x000000077c000000)
  to   space 166400K, 0% used [0x0000000786b80000,0x0000000786b80000,0x0000000790e00000)
 ParOldGen       total 366080K, used 211893K [0x00000006c1400000, 0x00000006d7980000, 0x000000076b180000)
  object space 366080K, 57% used [0x00000006c1400000,0x00000006ce2ed628,0x00000006d7980000)
 Metaspace       used 13277K, capacity 13514K, committed 13696K, reserved 1060864K
  class space    used 1538K, capacity 1622K, committed 1664K, reserved 1048576K
Event: 5.871 GC heap after
Heap after GC invocations=10 (full 2):
 PSYoungGen      total 450048K, used 102168K [0x000000076b180000, 0x0000000791380000, 0x00000007c0000000)
  eden space 283648K, 0% used [0x000000076b180000,0x000000076b180000,0x000000077c680000)
  from space 166400K, 61% used [0x0000000786b80000,0x000000078cf46278,0x0000000790e00000)
  to   space 168960K, 0% used [0x000000077c680000,0x000000077c680000,0x0000000786b80000)
 ParOldGen       total 366080K, used 211901K [0x00000006c1400000, 0x00000006d7980000, 0x000000076b180000)
  object space 366080K, 57% used [0x00000006c1400000,0x00000006ce2ef628,0x00000006d7980000)
 Metaspace       used 13277K, capacity 13514K, committed 13696K, reserved 1060864K
  class space    used 1538K, capacity 1622K, committed 1664K, reserved 1048576K
}
Event: 6.035 GC heap before
{Heap before GC invocations=11 (full 2):
 PSYoungGen      total 450048K, used 385816K [0x000000076b180000, 0x0000000791380000, 0x00000007c0000000)
  eden space 283648K, 100% used [0x000000076b180000,0x000000077c680000,0x000000077c680000)
  from space 166400K, 61% used [0x0000000786b80000,0x000000078cf46278,0x0000000790e00000)
  to   space 168960K, 0% used [0x000000077c680000,0x000000077c680000,0x0000000786b80000)
 ParOldGen       total 366080K, used 211901K [0x00000006c1400000, 0x00000006d7980000, 0x000000076b180000)
  object space 366080K, 57% used [0x00000006c1400000,0x00000006ce2ef628,0x00000006d7980000)
 Metaspace       used 13284K, capacity 13514K, committed 13696K, reserved 1060864K
  class space    used 1538K, capacity 1622K, committed 1664K, reserved 1048576K
Event: 6.106 GC heap after
Heap after GC invocations=11 (full 2):
 PSYoungGen      total 452608K, used 168930K [0x000000076b180000, 0x00000007a1000000, 0x00000007c0000000)
  eden space 283648K, 0% used [0x000000076b180000,0x000000076b180000,0x000000077c680000)
  from space 168960K, 99% used [0x000000077c680000,0x0000000786b78bd8,0x0000000786b80000)
  to   space 230912K, 0% used [0x0000000792e80000,0x0000000792e80000,0x00000007a1000000)
 ParOldGen       total 366080K, used 296215K [0x00000006c1400000, 0x00000006d7980000, 0x000000076b180000)
  object space 366080K, 80% used [0x00000006c1400000,0x00000006d3545cb0,0x00000006d7980000)
 Metaspace       used 13284K, capacity 13514K, committed 13696K, reserved 1060864K
  class space    used 1538K, capacity 1622K, committed 1664K, reserved 1048576K
}
Event: 6.106 GC heap before
{Heap before GC invocations=12 (full 3):
 PSYoungGen      total 452608K, used 168930K [0x000000076b180000, 0x00000007a1000000, 0x00000007c0000000)
  eden space 283648K, 0% used [0x000000076b180000,0x000000076b180000,0x000000077c680000)
  from space 168960K, 99% used [0x000000077c680000,0x0000000786b78bd8,0x0000000786b80000)
  to   space 230912K, 0% used [0x0000000792e80000,0x0000000792e80000,0x00000007a1000000)
 ParOldGen       total 366080K, used 296215K [0x00000006c1400000, 0x00000006d7980000, 0x000000076b180000)
  object space 366080K, 80% used [0x00000006c1400000,0x00000006d3545cb0,0x00000006d7980000)
 Metaspace       used 13284K, capacity 13514K, committed 13696K, reserved 1060864K
  class space    used 1538K, capacity 1622K, committed 1664K, reserved 1048576K

Deoptimization events (10 events):
Event: 2.182 Thread 0x000000001fefa800 Uncommon trap: reason=unstable_if action=reinterpret pc=0x0000000002ded2e8 method=sun.awt.image.ByteInterleavedRaster.getDataElements(IILjava/lang/Object;)Ljava/lang/Object; @ 43
Event: 2.186 Thread 0x000000001fefa800 Uncommon trap: reason=unstable_if action=reinterpret pc=0x0000000002df6120 method=java.awt.image.ComponentColorModel.getRGB(Ljava/lang/Object;)I @ 4
Event: 3.142 Thread 0x000000001fefa800 Uncommon trap: reason=unstable_if action=reinterpret pc=0x0000000002de2cb4 method=alphaPackage.ControlCenter.run()V @ 88
Event: 4.441 Thread 0x000000001fefa800 Uncommon trap: reason=unstable_if action=reinterpret pc=0x0000000002f4ef6c method=sun.font.CMap$CMapFormat4.getGlyph(I)C @ 181
Event: 4.998 Thread 0x000000001fc0d000 Uncommon trap: reason=unstable_if action=reinterpret pc=0x0000000002ef2660 method=java.io.BufferedReader.readLine(Z)Ljava/lang/String; @ 192
Event: 5.786 Thread 0x000000001fc0d000 Uncommon trap: reason=unstable_if action=reinterpret pc=0x0000000002dfaa74 method=java.awt.image.ComponentColorModel.getRGB(Ljava/lang/Object;)I @ 15
Event: 5.786 Thread 0x000000001fc0d000 Uncommon trap: reason=unstable_if action=reinterpret pc=0x0000000002df75e8 method=java.awt.image.ComponentColorModel.getRGBComponent(Ljava/lang/Object;I)I @ 15
Event: 5.786 Thread 0x000000001fc0d000 Uncommon trap: reason=unstable_if action=reinterpret pc=0x0000000002deeefc method=java.awt.image.ComponentColorModel.getRGBComponent(Ljava/lang/Object;I)I @ 15
Event: 5.837 Thread 0x000000001fefa800 Uncommon trap: reason=unstable_if action=reinterpret pc=0x0000000002f548d8 method=sun.font.TrueTypeFont.checkUseNatives()Z @ 4
Event: 5.997 Thread 0x000000001fc0d000 Uncommon trap: reason=unstable_if action=reinterpret pc=0x000000000301f0f0 method=world.WorldGenerator.loadTopper()V @ 97

Classes redefined (0 events):
No events

Internal exceptions (10 events):
Event: 0.068 Thread 0x0000000000dde000 Exception <a 'java/security/PrivilegedActionException'> (0x000000076b1fc238) thrown at [C:\re\workspace\8-2-build-windows-amd64-cygwin\jdk8u221\13320\hotspot\src\share\vm\prims\jvm.cpp, line 1502]
Event: 0.068 Thread 0x0000000000dde000 Exception <a 'java/security/PrivilegedActionException'> (0x000000076b1fc448) thrown at [C:\re\workspace\8-2-build-windows-amd64-cygwin\jdk8u221\13320\hotspot\src\share\vm\prims\jvm.cpp, line 1502]
Event: 0.068 Thread 0x0000000000dde000 Exception <a 'java/security/PrivilegedActionException'> (0x000000076b2000b8) thrown at [C:\re\workspace\8-2-build-windows-amd64-cygwin\jdk8u221\13320\hotspot\src\share\vm\prims\jvm.cpp, line 1502]
Event: 0.068 Thread 0x0000000000dde000 Exception <a 'java/security/PrivilegedActionException'> (0x000000076b2002c8) thrown at [C:\re\workspace\8-2-build-windows-amd64-cygwin\jdk8u221\13320\hotspot\src\share\vm\prims\jvm.cpp, line 1502]
Event: 0.073 Thread 0x0000000000dde000 Exception <a 'java/io/FileNotFoundException'> (0x000000076b202498) thrown at [C:\re\workspace\8-2-build-windows-amd64-cygwin\jdk8u221\13320\hotspot\src\share\vm\prims\jni.cpp, line 710]
Event: 0.092 Thread 0x0000000000dde000 Exception <a 'java/lang/NoSuchFieldError': method resolution failed> (0x000000076b41aaa8) thrown at [C:\re\workspace\8-2-build-windows-amd64-cygwin\jdk8u221\13320\hotspot\src\share\vm\prims\methodHandles.cpp, line 1167]
Event: 0.093 Thread 0x0000000000dde000 Exception <a 'java/lang/NoSuchFieldError': method resolution failed> (0x000000076b427e78) thrown at [C:\re\workspace\8-2-build-windows-amd64-cygwin\jdk8u221\13320\hotspot\src\share\vm\prims\methodHandles.cpp, line 1167]
Event: 0.132 Thread 0x0000000000dde000 Exception <a 'java/io/FileNotFoundException'> (0x000000076b4e16c0) thrown at [C:\re\workspace\8-2-build-windows-amd64-cygwin\jdk8u221\13320\hotspot\src\share\vm\prims\jni.cpp, line 710]
Event: 0.261 Thread 0x0000000000dde000 Implicit null exception at 0x0000000002b8c2a6 to 0x0000000002b8c485
Event: 2.182 Thread 0x000000001fefa800 Implicit null exception at 0x0000000002ded140 to 0x0000000002ded2cd

Events (10 events):
Event: 5.845 Executing VM operation: ParallelGCFailedAllocation
Event: 5.871 Executing VM operation: ParallelGCFailedAllocation done
Event: 5.958 loading class java/awt/image/BufferedImageOp
Event: 5.958 loading class java/awt/image/BufferedImageOp done
Event: 5.978 Thread 0x000000001fc0d000 DEOPT PACKING pc=0x000000000301aab1 sp=0x0000000027ebce00
Event: 5.978 Thread 0x000000001fc0d000 DEOPT UNPACKING pc=0x0000000002a67890 sp=0x0000000027ebcc50 mode 0
Event: 5.997 Thread 0x000000001fc0d000 Uncommon trap: trap_request=0xffffff65 fr.pc=0x000000000301f0f0
Event: 5.997 Thread 0x000000001fc0d000 DEOPT PACKING pc=0x000000000301f0f0 sp=0x0000000027ebcf20
Event: 5.997 Thread 0x000000001fc0d000 DEOPT UNPACKING pc=0x0000000002a6583b sp=0x0000000027ebcee0 mode 2
Event: 6.035 Executing VM operation: ParallelGCFailedAllocation


Dynamic libraries:
0x00007ff6c6f00000 - 0x00007ff6c6f37000 	C:\Program Files\Java\jre1.8.0_221\bin\javaw.exe
0x00007ff8547e0000 - 0x00007ff8549d0000 	C:\WINDOWS\SYSTEM32\ntdll.dll
0x00007ff853880000 - 0x00007ff853932000 	C:\WINDOWS\System32\KERNEL32.DLL
0x00007ff8525e0000 - 0x00007ff852883000 	C:\WINDOWS\System32\KERNELBASE.dll
0x00007ff854620000 - 0x00007ff8546c3000 	C:\WINDOWS\System32\ADVAPI32.dll
0x00007ff853a90000 - 0x00007ff853b2e000 	C:\WINDOWS\System32\msvcrt.dll
0x00007ff8531c0000 - 0x00007ff853257000 	C:\WINDOWS\System32\sechost.dll
0x00007ff8536f0000 - 0x00007ff853810000 	C:\WINDOWS\System32\RPCRT4.dll
0x00007ff8528c0000 - 0x00007ff852a53000 	C:\WINDOWS\System32\USER32.dll
0x00007ff851890000 - 0x00007ff8518b1000 	C:\WINDOWS\System32\win32u.dll
0x00007ff852890000 - 0x00007ff8528b6000 	C:\WINDOWS\System32\GDI32.dll
0x00007ff852210000 - 0x00007ff8523a4000 	C:\WINDOWS\System32\gdi32full.dll
0x00007ff8517f0000 - 0x00007ff85188e000 	C:\WINDOWS\System32\msvcp_win.dll
0x00007ff852110000 - 0x00007ff85220a000 	C:\WINDOWS\System32\ucrtbase.dll
0x00007ff846950000 - 0x00007ff846bd5000 	C:\WINDOWS\WinSxS\amd64_microsoft.windows.common-controls_6595b64144ccf1df_6.0.18362.356_none_e6c4af7d130f27cc\COMCTL32.dll
0x00007ff854220000 - 0x00007ff854556000 	C:\WINDOWS\System32\combase.dll
0x00007ff851770000 - 0x00007ff8517f0000 	C:\WINDOWS\System32\bcryptPrimitives.dll
0x00007ff8545e0000 - 0x00007ff85460e000 	C:\WINDOWS\System32\IMM32.DLL
0x00007ff850810000 - 0x00007ff850841000 	C:\WINDOWS\SYSTEM32\ntmarta.dll
0x00007ff8515a0000 - 0x00007ff8515cf000 	C:\WINDOWS\SYSTEM32\SspiCli.dll
0x0000000067640000 - 0x0000000067712000 	C:\Program Files\Java\jre1.8.0_221\bin\msvcr100.dll
0x0000000065ea0000 - 0x0000000066745000 	C:\Program Files\Java\jre1.8.0_221\bin\server\jvm.dll
0x00007ff854610000 - 0x00007ff854618000 	C:\WINDOWS\System32\PSAPI.DLL
0x00007ff83e830000 - 0x00007ff83e839000 	C:\WINDOWS\SYSTEM32\WSOCK32.dll
0x00007ff853810000 - 0x00007ff85387f000 	C:\WINDOWS\System32\WS2_32.dll
0x00007ff84e170000 - 0x00007ff84e194000 	C:\WINDOWS\SYSTEM32\WINMM.dll
0x00007ff84c080000 - 0x00007ff84c08a000 	C:\WINDOWS\SYSTEM32\VERSION.dll
0x00007ff84e140000 - 0x00007ff84e16d000 	C:\WINDOWS\SYSTEM32\WINMMBASE.dll
0x00007ff8520c0000 - 0x00007ff85210a000 	C:\WINDOWS\System32\cfgmgr32.dll
0x00007ff84e230000 - 0x00007ff84e23f000 	C:\Program Files\Java\jre1.8.0_221\bin\verify.dll
0x00007ff84e200000 - 0x00007ff84e229000 	C:\Program Files\Java\jre1.8.0_221\bin\java.dll
0x00007ff84e1e0000 - 0x00007ff84e1f6000 	C:\Program Files\Java\jre1.8.0_221\bin\zip.dll
0x00007ff853b30000 - 0x00007ff854215000 	C:\WINDOWS\System32\SHELL32.dll
0x00007ff852a60000 - 0x00007ff852b09000 	C:\WINDOWS\System32\shcore.dll
0x00007ff851920000 - 0x00007ff85209e000 	C:\WINDOWS\System32\windows.storage.dll
0x00007ff8516e0000 - 0x00007ff8516ff000 	C:\WINDOWS\System32\profapi.dll
0x00007ff851700000 - 0x00007ff85174a000 	C:\WINDOWS\System32\powrprof.dll
0x00007ff8516b0000 - 0x00007ff8516c0000 	C:\WINDOWS\System32\UMPDC.dll
0x00007ff853000000 - 0x00007ff853052000 	C:\WINDOWS\System32\shlwapi.dll
0x00007ff8516c0000 - 0x00007ff8516d1000 	C:\WINDOWS\System32\kernel.appcore.dll
0x00007ff8520a0000 - 0x00007ff8520b7000 	C:\WINDOWS\System32\cryptsp.dll
0x00007ff836610000 - 0x00007ff8367a9000 	C:\Program Files\Java\jre1.8.0_221\bin\awt.dll
0x00007ff8546d0000 - 0x00007ff854794000 	C:\WINDOWS\System32\OLEAUT32.dll
0x00007ff84f690000 - 0x00007ff84f71f000 	C:\WINDOWS\SYSTEM32\apphelp.dll
0x00007ff84f810000 - 0x00007ff84f8a9000 	C:\WINDOWS\system32\uxtheme.dll
0x00007ff853950000 - 0x00007ff853a85000 	C:\WINDOWS\System32\MSCTF.dll
0x00007ff853060000 - 0x00007ff8531b6000 	C:\WINDOWS\System32\ole32.dll
0x00007ff84fd60000 - 0x00007ff84fd8d000 	C:\WINDOWS\system32\DWMAPI.DLL
0x00007ff8295f0000 - 0x00007ff829746000 	C:\WINDOWS\system32\opengl32.dll
0x00007ff844910000 - 0x00007ff84493c000 	C:\WINDOWS\SYSTEM32\GLU32.dll
0x00007ff850320000 - 0x00007ff850340000 	C:\WINDOWS\SYSTEM32\dxcore.dll
0x00007ff849da0000 - 0x00007ff849f67000 	C:\WINDOWS\system32\d3d9.dll
0x00007ff84a960000 - 0x00007ff84aa4e000 	C:\WINDOWS\System32\DriverStore\FileRepository\nv_dispi.inf_amd64_830a0263f2ee97ce\nvldumdx.dll
0x00007ff8523b0000 - 0x00007ff8524f9000 	C:\WINDOWS\System32\crypt32.dll
0x00007ff851750000 - 0x00007ff851762000 	C:\WINDOWS\System32\MSASN1.dll
0x00007ff8518c0000 - 0x00007ff85191c000 	C:\WINDOWS\System32\WINTRUST.DLL
0x00007ff8536d0000 - 0x00007ff8536ed000 	C:\WINDOWS\System32\imagehlp.dll
0x00007ff850a30000 - 0x00007ff850a63000 	C:\WINDOWS\system32\rsaenh.dll
0x00007ff8525b0000 - 0x00007ff8525d6000 	C:\WINDOWS\System32\bcrypt.dll
0x00007ff8510f0000 - 0x00007ff8510fc000 	C:\WINDOWS\SYSTEM32\CRYPTBASE.dll
0x00007ff82ded0000 - 0x00007ff82f398000 	C:\WINDOWS\System32\DriverStore\FileRepository\nv_dispi.inf_amd64_830a0263f2ee97ce\nvd3dumx.dll
0x00007ff80fc40000 - 0x00007ff80ff01000 	C:\WINDOWS\system32\nvspcap64.dll
0x00007ff850260000 - 0x00007ff850282000 	C:\WINDOWS\SYSTEM32\gpapi.dll
0x00007ff845b10000 - 0x00007ff845b3f000 	C:\WINDOWS\SYSTEM32\cryptnet.dll
0x00007ff8448a0000 - 0x00007ff8448e9000 	C:\Program Files\Java\jre1.8.0_221\bin\fontmanager.dll
0x00007ff82b110000 - 0x00007ff82b1ae000 	C:\WINDOWS\System32\TextInputFramework.dll
0x00007ff84cca0000 - 0x00007ff84cfca000 	C:\WINDOWS\System32\CoreUIComponents.dll
0x00007ff84f440000 - 0x00007ff84f514000 	C:\WINDOWS\System32\CoreMessaging.dll
0x00007ff84c9c0000 - 0x00007ff84cb13000 	C:\WINDOWS\SYSTEM32\wintypes.dll
0x00007ff846390000 - 0x00007ff846636000 	C:\WINDOWS\System32\iertutil.dll
0x00007ff84e1c0000 - 0x00007ff84e1da000 	C:\Program Files\Java\jre1.8.0_221\bin\net.dll
0x00007ff846770000 - 0x00007ff846946000 	C:\WINDOWS\SYSTEM32\urlmon.dll
0x00007ff850f20000 - 0x00007ff850f87000 	C:\WINDOWS\system32\mswsock.dll
0x00007ff84e1a0000 - 0x00007ff84e1b2000 	C:\Program Files\Java\jre1.8.0_221\bin\nio.dll
0x00007ff8515d0000 - 0x00007ff8515f5000 	C:\WINDOWS\SYSTEM32\USERENV.dll
0x00007ff850c20000 - 0x00007ff850c5a000 	C:\WINDOWS\SYSTEM32\IPHLPAPI.DLL
0x00007ff854560000 - 0x00007ff854568000 	C:\WINDOWS\System32\NSI.dll
0x00007ff8451a0000 - 0x00007ff8451b6000 	C:\WINDOWS\SYSTEM32\dhcpcsvc6.DLL
0x00007ff845180000 - 0x00007ff84519c000 	C:\WINDOWS\SYSTEM32\dhcpcsvc.DLL
0x00007ff850c70000 - 0x00007ff850d3a000 	C:\WINDOWS\SYSTEM32\DNSAPI.dll
0x00007ff84d880000 - 0x00007ff84d88c000 	C:\Program Files\Java\jre1.8.0_221\bin\jsound.dll
0x00007ff844900000 - 0x00007ff84490b000 	C:\Program Files\Java\jre1.8.0_221\bin\jsoundds.dll
0x00007ffffd370000 - 0x00007ffffd409000 	C:\WINDOWS\SYSTEM32\DSOUND.dll
0x00007ff84bfb0000 - 0x00007ff84c028000 	C:\WINDOWS\SYSTEM32\MMDevAPI.DLL
0x00007ff8514d0000 - 0x00007ff8514fa000 	C:\WINDOWS\SYSTEM32\DEVOBJ.dll
0x00007ff803720000 - 0x00007ff803764000 	C:\WINDOWS\SYSTEM32\wdmaud.drv
0x00007ff803710000 - 0x00007ff803719000 	C:\WINDOWS\SYSTEM32\ksuser.dll
0x00007ff84d7c0000 - 0x00007ff84d7ca000 	C:\WINDOWS\SYSTEM32\AVRT.dll
0x00007ff84c100000 - 0x00007ff84c25d000 	C:\WINDOWS\SYSTEM32\AUDIOSES.DLL
0x00007ff803700000 - 0x00007ff80370d000 	C:\WINDOWS\SYSTEM32\msacm32.drv
0x00007ff8036e0000 - 0x00007ff8036fc000 	C:\WINDOWS\SYSTEM32\MSACM32.dll
0x00007ff8036d0000 - 0x00007ff8036da000 	C:\WINDOWS\SYSTEM32\midimap.dll
0x00007ff852b70000 - 0x00007ff852c12000 	C:\WINDOWS\System32\clbcatq.dll
0x00007ff84fb60000 - 0x00007ff84fb74000 	C:\WINDOWS\SYSTEM32\resourcepolicyclient.dll
0x00007ff829fe0000 - 0x00007ff82a131000 	C:\Windows\System32\Windows.UI.dll
0x00007ff829df0000 - 0x00007ff829ef2000 	C:\Windows\System32\InputHost.dll
0x00007ff850170000 - 0x00007ff85025f000 	C:\Windows\System32\PROPSYS.dll
0x00007ff844850000 - 0x00007ff844892000 	C:\Program Files\Java\jre1.8.0_221\bin\t2k.dll
0x00007ff83cd60000 - 0x00007ff83cf54000 	C:\WINDOWS\SYSTEM32\dbghelp.dll

VM Arguments:
jvm_args: -Dfile.encoding=Cp1252 
java_command: alphaPackage.Launcher
java_class_path (initial): D:\Users\Nick\Documents\Dylan\Software\Eclipse\workspace2\Epilogue\bin
Launcher Type: SUN_STANDARD

Environment Variables:
PATH=C:/Program Files/Java/jre1.8.0_221/bin/server;C:/Program Files/Java/jre1.8.0_221/bin;C:/Program Files/Java/jre1.8.0_221/lib/amd64;C:\Program Files (x86)\Intel\iCLS Client\;C:\Program Files (x86)\Razer Chroma SDK\bin;C:\Program Files\Razer Chroma SDK\bin;C:\Program Files (x86)\Common Files\Oracle\Java\javapath;C:\ProgramData\Oracle\Java\javapath;C:\Program Files\Intel\iCLS Client\;C:\WINDOWS\system32;C:\WINDOWS;C:\WINDOWS\System32\Wbem;C:\WINDOWS\System32\WindowsPowerShell\v1.0\;C:\Program Files\Intel\Intel(R) Management Engine Components\DAL;C:\Program Files\Intel\Intel(R) Management Engine Components\IPT;C:\Program Files (x86)\Intel\Intel(R) Management Engine Components\DAL;C:\Program Files (x86)\Intel\Intel(R) Management Engine Components\IPT;C:\Program Files (x86)\ATI Technologies\ATI.ACE\Core-Static;C:\Program Files (x86)\Windows Live\Shared;C:\Program Files (x86)\Skype\Phone\;C:\Program Files\Microsoft\Web Platform Installer\;C:\Program Files (x86)\Microsoft ASP.NET\ASP.NET Web Pages\v1.0\;C:\Program Files\Microsoft SQL Server\110\Tools\Binn\;C:\Program Files (x86)\NVIDIA Corporation\PhysX\Common;C:\Windows\system32;C:\Windows;C:\Windows\System32\Wbem;C:\Windows\System32\WindowsPowerShell\v1.0\;C:\Windows\System32\OpenSSH\;C:\Windows\system32\config\systemprofile\AppData\Local\Microsoft\WindowsApps;C:\Program Files\NVIDIA Corporation\NVIDIA NvDLISR;C:\Program Files\Intel\WiFi\bin\;C:\Program Files\Common Files\Intel\WirelessCommon\;C:\Program Files (x86)\QuickTime Alternative\QTSystem;%SystemRoot%\system32;%SystemRoot%;%SystemRoot%\System32\Wbem;%SYSTEMROOT%\System32\WindowsPowerShell\v1.0\;%SYSTEMROOT%\System32\OpenSSH\;C:\Users\Nick\AppData\Local\Programs\Python\Python35-32\Scripts\;C:\Users\Nick\AppData\Local\Programs\Python\Python35-32\;C:\Users\Nick\AppData\Local\Microsoft\WindowsApps;C:\Program Files\Intel\WiFi\bin\;C:\Program Files\Common Files\Intel\WirelessCommon\;;C:\WINDOWS\system32;
USERNAME=Nick
OS=Windows_NT
PROCESSOR_IDENTIFIER=Intel64 Family 6 Model 158 Stepping 10, GenuineIntel



---------------  S Y S T E M  ---------------

OS: Windows 10.0 , 64 bit Build 18362 (10.0.18362.329)

CPU:total 12 (initial active 12) (6 cores per cpu, 2 threads per core) family 6 model 158 stepping 10, cmov, cx8, fxsr, mmx, sse, sse2, sse3, ssse3, sse4.1, sse4.2, popcnt, avx, avx2, aes, clmul, erms, rtm, 3dnowpref, lzcnt, ht, tsc, tscinvbit, bmi1, bmi2, adx

Memory: 4k page, physical 16690676k(9875644k free), swap 16690676k(7496172k free)

vm_info: Java HotSpot(TM) 64-Bit Server VM (25.221-b11) for windows-amd64 JRE (1.8.0_221-b11), built on Jul  4 2019 04:39:29 by "java_re" with MS VC++ 10.0 (VS2010)

time: Mon Sep 30 17:53:16 2019
timezone: Eastern Daylight Time
elapsed time: 6 seconds (0d 0h 0m 6s)

