#
# There is insufficient memory for the Java Runtime Environment to continue.
# Native memory allocation (malloc) failed to allocate 32744 bytes for ChunkPool::allocate
# Possible reasons:
#   The system is out of physical RAM or swap space
#   The process is running with CompressedOops enabled, and the Java Heap may be blocking the growth of the native heap
# Possible solutions:
#   Reduce memory load on the system
#   Increase physical memory or swap space
#   Check if swap backing store is full
#   Decrease Java heap size (-Xmx/-Xms)
#   Decrease number of Java threads
#   Decrease Java thread stack sizes (-Xss)
#   Set larger code cache with -XX:ReservedCodeCacheSize=
#   JVM is running with Zero Based Compressed Oops mode in which the Java heap is
#     placed in the first 32GB address space. The Java Heap base address is the
#     maximum limit for the native heap growth. Please use -XX:HeapBaseMinAddress
#     to set the Java Heap base and to place the Java Heap above 32GB virtual address.
# This output file may be truncated or incomplete.
#
#  Out of Memory Error (allocation.cpp:272), pid=13432, tid=0x00000000000015bc
#
# JRE version: Java(TM) SE Runtime Environment (8.0_231-b11) (build 1.8.0_231-b11)
# Java VM: Java HotSpot(TM) 64-Bit Server VM (25.231-b11 mixed mode windows-amd64 compressed oops)
# Failed to write core dump. Minidumps are not enabled by default on client versions of Windows
#

---------------  T H R E A D  ---------------

Current thread (0x000000001e1a1800):  JavaThread "C2 CompilerThread0" daemon [_thread_in_native, id=5564, stack(0x000000001f7f0000,0x000000001f8f0000)]

Stack: [0x000000001f7f0000,0x000000001f8f0000]
[error occurred during error reporting (printing stack bounds), id 0xc0000005]

Native frames: (J=compiled Java code, j=interpreted, Vv=VM code, C=native code)


Current CompileTask:
C2:   7718 1371   !   4       sun.awt.PostEventQueue::postEvent (81 bytes)


---------------  P R O C E S S  ---------------

Java Threads: ( => current thread )
  0x0000000002b6e000 JavaThread "DestroyJavaVM" [_thread_blocked, id=9444, stack(0x0000000002c40000,0x0000000002d40000)]
  0x0000000020006800 JavaThread "D3D Screen Updater" daemon [_thread_blocked, id=18216, stack(0x00000000283b0000,0x00000000284b0000)]
  0x000000001ff7b000 JavaThread "AWT-EventQueue-0" [_thread_blocked, id=11284, stack(0x00000000281b0000,0x00000000282b0000)]
  0x000000001ff87800 JavaThread "AWT-Windows" daemon [_thread_in_native, id=20844, stack(0x0000000020930000,0x0000000020a30000)]
  0x000000001ff86800 JavaThread "AWT-Shutdown" [_thread_blocked, id=22252, stack(0x0000000020830000,0x0000000020930000)]
  0x000000001ff86000 JavaThread "Java2D Disposer" daemon [_thread_blocked, id=14612, stack(0x0000000020730000,0x0000000020830000)]
  0x000000001e235000 JavaThread "Service Thread" daemon [_thread_blocked, id=4660, stack(0x000000001fbf0000,0x000000001fcf0000)]
  0x000000001e1d6800 JavaThread "C1 CompilerThread3" daemon [_thread_blocked, id=22468, stack(0x000000001faf0000,0x000000001fbf0000)]
  0x000000001e1b5800 JavaThread "C2 CompilerThread2" daemon [_thread_in_native, id=22680, stack(0x000000001f9f0000,0x000000001faf0000)]
  0x000000001e1a8000 JavaThread "C2 CompilerThread1" daemon [_thread_blocked, id=21048, stack(0x000000001f8f0000,0x000000001f9f0000)]
=>0x000000001e1a1800 JavaThread "C2 CompilerThread0" daemon [_thread_in_native, id=5564, stack(0x000000001f7f0000,0x000000001f8f0000)]
  0x000000001e19c800 JavaThread "Attach Listener" daemon [_thread_blocked, id=21708, stack(0x000000001f6f0000,0x000000001f7f0000)]
  0x000000001e19b800 JavaThread "Signal Dispatcher" daemon [_thread_blocked, id=19912, stack(0x000000001f5f0000,0x000000001f6f0000)]
  0x000000001e193000 JavaThread "Finalizer" daemon [_thread_blocked, id=19448, stack(0x000000001f3f0000,0x000000001f4f0000)]
  0x000000001ca9d000 JavaThread "Reference Handler" daemon [_thread_blocked, id=1616, stack(0x000000001f2f0000,0x000000001f3f0000)]

Other Threads:
  0x000000001ca96800 VMThread [stack: 0x000000001f1f0000,0x000000001f2f0000] [id=5812]
  0x000000001e25a800 WatcherThread [stack: 0x000000001fcf0000,0x000000001fdf0000] [id=10052]

VM state:not at safepoint (normal execution)

VM Mutex/Monitor currently owned by a thread: None

OutOfMemory and StackOverflow Exception counts:
OutOfMemoryError java_heap_errors=1

heap address: 0x00000006c1400000, size: 4076 MB, Compressed Oops mode: Zero based, Oop shift amount: 3
Narrow klass base: 0x0000000000000000, Narrow klass shift: 3
Compressed class space size: 1073741824 Address: 0x00000007c0000000

Heap:
 PSYoungGen      total 104960K, used 41551K [0x000000076b180000, 0x0000000774580000, 0x00000007c0000000)
  eden space 95232K, 33% used [0x000000076b180000,0x000000076d0994f0,0x0000000770e80000)
  from space 9728K, 99% used [0x0000000773c00000,0x000000077457a768,0x0000000774580000)
  to   space 10752K, 0% used [0x0000000773080000,0x0000000773080000,0x0000000773b00000)
 ParOldGen       total 272896K, used 109688K [0x00000006c1400000, 0x00000006d1e80000, 0x000000076b180000)
  object space 272896K, 40% used [0x00000006c1400000,0x00000006c7f1e3d8,0x00000006d1e80000)
 Metaspace       used 11695K, capacity 11866K, committed 12288K, reserved 1060864K
  class space    used 1372K, capacity 1460K, committed 1536K, reserved 1048576K

Card table byte_map: [0x0000000012200000,0x0000000012a00000] byte_map_base: 0x000000000ebf6000

Marking Bits: (ParMarkBitMap*) 0x000000006b996d90
 Begin Bits: [0x0000000013950000, 0x0000000017900000)
 End Bits:   [0x0000000017900000, 0x000000001b8b0000)

Polling page: 0x0000000002b00000

CodeCache: size=245760Kb used=4920Kb max_used=4932Kb free=240839Kb
 bounds [0x0000000002e40000, 0x0000000003320000, 0x0000000011e40000]
 total_blobs=1871 nmethods=1369 adapters=415
 compilation: enabled

Compilation events (10 events):
Event: 7.575 Thread 0x000000001e1d6800 nmethod 1365 0x000000000330a950 code [0x000000000330aae0, 0x000000000330adf8]
Event: 7.575 Thread 0x000000001e1d6800 1366       3       java.nio.CharBuffer::arrayOffset (35 bytes)
Event: 7.575 Thread 0x000000001e1d6800 nmethod 1366 0x000000000330a350 code [0x000000000330a4e0, 0x000000000330a7f8]
Event: 7.576 Thread 0x000000001e1b5800 nmethod 1367 0x0000000003312fd0 code [0x0000000003313120, 0x0000000003313238]
Event: 7.677 Thread 0x000000001e1a1800 1368       4       java.security.AccessControlContext::<init> (30 bytes)
Event: 7.677 Thread 0x000000001e1a1800 nmethod 1368 0x0000000003313350 code [0x0000000003313480, 0x0000000003313518]
Event: 7.707 Thread 0x000000001e1a8000 1369       4       java.awt.AWTEvent::<init> (81 bytes)
Event: 7.710 Thread 0x000000001e1a8000 nmethod 1369 0x0000000003310dd0 code [0x0000000003310f40, 0x0000000003311418]
Event: 7.716 Thread 0x000000001e1b5800 1370       4       sun.awt.SunToolkit::postEvent (157 bytes)
Event: 7.717 Thread 0x000000001e1a1800 1371   !   4       sun.awt.PostEventQueue::postEvent (81 bytes)

GC Heap History (6 events):
Event: 1.414 GC heap before
{Heap before GC invocations=1 (full 0):
 PSYoungGen      total 76288K, used 65536K [0x000000076b180000, 0x0000000770680000, 0x00000007c0000000)
  eden space 65536K, 100% used [0x000000076b180000,0x000000076f180000,0x000000076f180000)
  from space 10752K, 0% used [0x000000076fc00000,0x000000076fc00000,0x0000000770680000)
  to   space 10752K, 0% used [0x000000076f180000,0x000000076f180000,0x000000076fc00000)
 ParOldGen       total 175104K, used 0K [0x00000006c1400000, 0x00000006cbf00000, 0x000000076b180000)
  object space 175104K, 0% used [0x00000006c1400000,0x00000006c1400000,0x00000006cbf00000)
 Metaspace       used 10783K, capacity 11018K, committed 11136K, reserved 1058816K
  class space    used 1308K, capacity 1392K, committed 1408K, reserved 1048576K
Event: 1.430 GC heap after
Heap after GC invocations=1 (full 0):
 PSYoungGen      total 76288K, used 10595K [0x000000076b180000, 0x0000000774680000, 0x00000007c0000000)
  eden space 65536K, 0% used [0x000000076b180000,0x000000076b180000,0x000000076f180000)
  from space 10752K, 98% used [0x000000076f180000,0x000000076fbd8e90,0x000000076fc00000)
  to   space 10752K, 0% used [0x0000000773c00000,0x0000000773c00000,0x0000000774680000)
 ParOldGen       total 175104K, used 62352K [0x00000006c1400000, 0x00000006cbf00000, 0x000000076b180000)
  object space 175104K, 35% used [0x00000006c1400000,0x00000006c50e42f0,0x00000006cbf00000)
 Metaspace       used 10783K, capacity 11018K, committed 11136K, reserved 1058816K
  class space    used 1308K, capacity 1392K, committed 1408K, reserved 1048576K
}
Event: 1.911 GC heap before
{Heap before GC invocations=2 (full 1):
 PSYoungGen      total 76288K, used 76103K [0x000000076b180000, 0x0000000774680000, 0x00000007c0000000)
  eden space 65536K, 99% used [0x000000076b180000,0x000000076f179138,0x000000076f180000)
  from space 10752K, 98% used [0x000000076f180000,0x000000076fbd8e90,0x000000076fc00000)
  to   space 10752K, 0% used [0x0000000773c00000,0x0000000773c00000,0x0000000774680000)
 ParOldGen       total 175104K, used 117805K [0x00000006c1400000, 0x00000006cbf00000, 0x000000076b180000)
  object space 175104K, 67% used [0x00000006c1400000,0x00000006c870b780,0x00000006cbf00000)
 Metaspace       used 11010K, capacity 11210K, committed 11392K, reserved 1058816K
  class space    used 1313K, capacity 1392K, committed 1408K, reserved 1048576K
Event: 1.935 GC heap after
Heap after GC invocations=2 (full 1):
 PSYoungGen      total 76288K, used 0K [0x000000076b180000, 0x0000000774680000, 0x00000007c0000000)
  eden space 65536K, 0% used [0x000000076b180000,0x000000076b180000,0x000000076f180000)
  from space 10752K, 0% used [0x000000076f180000,0x000000076f180000,0x000000076fc00000)
  to   space 10752K, 0% used [0x0000000773c00000,0x0000000773c00000,0x0000000774680000)
 ParOldGen       total 272896K, used 109680K [0x00000006c1400000, 0x00000006d1e80000, 0x000000076b180000)
  object space 272896K, 40% used [0x00000006c1400000,0x00000006c7f1c3d8,0x00000006d1e80000)
 Metaspace       used 11010K, capacity 11210K, committed 11392K, reserved 1058816K
  class space    used 1313K, capacity 1392K, committed 1408K, reserved 1048576K
}
Event: 2.357 GC heap before
{Heap before GC invocations=3 (full 1):
 PSYoungGen      total 76288K, used 65536K [0x000000076b180000, 0x0000000774680000, 0x00000007c0000000)
  eden space 65536K, 100% used [0x000000076b180000,0x000000076f180000,0x000000076f180000)
  from space 10752K, 0% used [0x000000076f180000,0x000000076f180000,0x000000076fc00000)
  to   space 10752K, 0% used [0x0000000773c00000,0x0000000773c00000,0x0000000774680000)
 ParOldGen       total 272896K, used 109680K [0x00000006c1400000, 0x00000006d1e80000, 0x000000076b180000)
  object space 272896K, 40% used [0x00000006c1400000,0x00000006c7f1c3d8,0x00000006d1e80000)
 Metaspace       used 11067K, capacity 11274K, committed 11392K, reserved 1058816K
  class space    used 1313K, capacity 1392K, committed 1408K, reserved 1048576K
Event: 2.366 GC heap after
Heap after GC invocations=3 (full 1):
 PSYoungGen      total 104960K, used 9705K [0x000000076b180000, 0x0000000774580000, 0x00000007c0000000)
  eden space 95232K, 0% used [0x000000076b180000,0x000000076b180000,0x0000000770e80000)
  from space 9728K, 99% used [0x0000000773c00000,0x000000077457a768,0x0000000774580000)
  to   space 10752K, 0% used [0x0000000773080000,0x0000000773080000,0x0000000773b00000)
 ParOldGen       total 272896K, used 109688K [0x00000006c1400000, 0x00000006d1e80000, 0x000000076b180000)
  object space 272896K, 40% used [0x00000006c1400000,0x00000006c7f1e3d8,0x00000006d1e80000)
 Metaspace       used 11067K, capacity 11274K, committed 11392K, reserved 1058816K
  class space    used 1313K, capacity 1392K, committed 1408K, reserved 1048576K
}

Deoptimization events (10 events):
Event: 3.026 Thread 0x00000000202cf800 Uncommon trap: reason=unstable_if action=reinterpret pc=0x000000000328ec04 method=alphaPackage.ControlCenter.run()V @ 62
Event: 4.010 Thread 0x00000000202cf800 Uncommon trap: reason=unstable_if action=reinterpret pc=0x0000000003298174 method=alphaPackage.ControlCenter.run()V @ 88
Event: 7.429 Thread 0x00000000202cf800 Uncommon trap: reason=unstable_if action=reinterpret pc=0x000000000325b630 method=sun.misc.MetaIndex.mayContain(Ljava/lang/String;)Z @ 38
Event: 7.430 Thread 0x00000000202cf800 Uncommon trap: reason=unstable_if action=reinterpret pc=0x000000000303da7c method=java.lang.String.<init>([CII)V @ 18
Event: 7.431 Thread 0x00000000202cf800 Uncommon trap: reason=unstable_if action=reinterpret pc=0x00000000031e8e14 method=sun.misc.MetaIndex.mayContain(Ljava/lang/String;)Z @ 38
Event: 7.433 Thread 0x00000000202cf800 Uncommon trap: reason=class_check action=maybe_recompile pc=0x00000000031ee6d4 method=java.io.BufferedInputStream.read1([BII)I @ 39
Event: 7.573 Thread 0x00000000202cf800 Uncommon trap: reason=class_check action=maybe_recompile pc=0x00000000031ee6d4 method=java.io.BufferedInputStream.read1([BII)I @ 39
Event: 7.573 Thread 0x00000000202cf800 Uncommon trap: reason=unstable_if action=reinterpret pc=0x00000000030d5238 method=java.io.BufferedInputStream.read([BII)I @ 104
Event: 7.573 Thread 0x00000000202cf800 Uncommon trap: reason=class_check action=maybe_recompile pc=0x00000000031ee6d4 method=java.io.BufferedInputStream.read1([BII)I @ 39
Event: 7.574 Thread 0x00000000202cf800 Uncommon trap: reason=unstable_if action=reinterpret pc=0x00000000031ef88c method=java.io.BufferedInputStream.read1([BII)I @ 29

Classes redefined (0 events):
No events

Internal exceptions (10 events):
Event: 0.111 Thread 0x0000000002b6e000 Exception <a 'java/security/PrivilegedActionException'> (0x000000076b1ffe98) thrown at [C:\re\workspace\8-2-build-windows-amd64-cygwin\jdk8u231\13620\hotspot\src\share\vm\prims\jvm.cpp, line 1502]
Event: 0.111 Thread 0x0000000002b6e000 Exception <a 'java/security/PrivilegedActionException'> (0x000000076b2000a8) thrown at [C:\re\workspace\8-2-build-windows-amd64-cygwin\jdk8u231\13620\hotspot\src\share\vm\prims\jvm.cpp, line 1502]
Event: 0.112 Thread 0x0000000002b6e000 Exception <a 'java/security/PrivilegedActionException'> (0x000000076b203d18) thrown at [C:\re\workspace\8-2-build-windows-amd64-cygwin\jdk8u231\13620\hotspot\src\share\vm\prims\jvm.cpp, line 1502]
Event: 0.112 Thread 0x0000000002b6e000 Exception <a 'java/security/PrivilegedActionException'> (0x000000076b203f28) thrown at [C:\re\workspace\8-2-build-windows-amd64-cygwin\jdk8u231\13620\hotspot\src\share\vm\prims\jvm.cpp, line 1502]
Event: 0.174 Thread 0x0000000002b6e000 Exception <a 'java/io/FileNotFoundException'> (0x000000076b2060f8) thrown at [C:\re\workspace\8-2-build-windows-amd64-cygwin\jdk8u231\13620\hotspot\src\share\vm\prims\jni.cpp, line 710]
Event: 0.194 Thread 0x0000000002b6e000 Exception <a 'java/lang/NoSuchFieldError': method resolution failed> (0x000000076b41e708) thrown at [C:\re\workspace\8-2-build-windows-amd64-cygwin\jdk8u231\13620\hotspot\src\share\vm\prims\methodHandles.cpp, line 1167]
Event: 0.195 Thread 0x0000000002b6e000 Exception <a 'java/lang/NoSuchFieldError': method resolution failed> (0x000000076b42bad8) thrown at [C:\re\workspace\8-2-build-windows-amd64-cygwin\jdk8u231\13620\hotspot\src\share\vm\prims\methodHandles.cpp, line 1167]
Event: 0.238 Thread 0x0000000002b6e000 Exception <a 'java/io/FileNotFoundException'> (0x000000076b4e49f8) thrown at [C:\re\workspace\8-2-build-windows-amd64-cygwin\jdk8u231\13620\hotspot\src\share\vm\prims\jni.cpp, line 710]
Event: 0.596 Thread 0x0000000002b6e000 Implicit null exception at 0x0000000002fad0e6 to 0x0000000002fad2c5
Event: 7.575 Thread 0x00000000202cf800 Exception <a 'java/lang/OutOfMemoryError'> (0x000000076ce206b0) thrown at [C:\re\workspace\8-2-build-windows-amd64-cygwin\jdk8u231\13620\hotspot\src\share\vm\prims\jni.cpp, line 736]

Events (10 events):
Event: 7.574 loading class com/sun/media/sound/DirectAudioDevice$DirectDL$Pan
Event: 7.574 loading class com/sun/media/sound/DirectAudioDevice$DirectDL$Pan done
Event: 7.574 Thread 0x00000000202cf800 Uncommon trap: trap_request=0xffffff65 fr.pc=0x00000000031ef88c
Event: 7.574 Thread 0x00000000202cf800 DEOPT PACKING pc=0x00000000031ef88c sp=0x0000000027abf110
Event: 7.574 Thread 0x00000000202cf800 DEOPT UNPACKING pc=0x0000000002e8583b sp=0x0000000027abf138 mode 2
Event: 7.575 loading class java/lang/Throwable$WrappedPrintStream
Event: 7.575 loading class java/lang/Throwable$PrintStreamOrWriter
Event: 7.575 loading class java/lang/Throwable$PrintStreamOrWriter done
Event: 7.575 loading class java/lang/Throwable$WrappedPrintStream done
Event: 7.575 Thread 0x00000000202cf800 Thread exited: 0x00000000202cf800


Dynamic libraries:
0x00007ff76edc0000 - 0x00007ff76edf7000 	C:\Program Files\Java\jre1.8.0_231\bin\javaw.exe
0x00007ffd63940000 - 0x00007ffd63b30000 	C:\WINDOWS\SYSTEM32\ntdll.dll
0x00007ffd62dc0000 - 0x00007ffd62e72000 	C:\WINDOWS\System32\KERNEL32.DLL
0x00007ffd60d60000 - 0x00007ffd61003000 	C:\WINDOWS\System32\KERNELBASE.dll
0x00007ffd62ee0000 - 0x00007ffd62f83000 	C:\WINDOWS\System32\ADVAPI32.dll
0x00007ffd61ac0000 - 0x00007ffd61b5e000 	C:\WINDOWS\System32\msvcrt.dll
0x00007ffd62f90000 - 0x00007ffd63027000 	C:\WINDOWS\System32\sechost.dll
0x00007ffd624e0000 - 0x00007ffd62600000 	C:\WINDOWS\System32\RPCRT4.dll
0x00007ffd63420000 - 0x00007ffd635b4000 	C:\WINDOWS\System32\USER32.dll
0x00007ffd618c0000 - 0x00007ffd618e1000 	C:\WINDOWS\System32\win32u.dll
0x00007ffd63030000 - 0x00007ffd63056000 	C:\WINDOWS\System32\GDI32.dll
0x00007ffd60b70000 - 0x00007ffd60d04000 	C:\WINDOWS\System32\gdi32full.dll
0x00007ffd608d0000 - 0x00007ffd6096e000 	C:\WINDOWS\System32\msvcp_win.dll
0x00007ffd618f0000 - 0x00007ffd619ea000 	C:\WINDOWS\System32\ucrtbase.dll
0x00007ffd54480000 - 0x00007ffd54705000 	C:\WINDOWS\WinSxS\amd64_microsoft.windows.common-controls_6595b64144ccf1df_6.0.18362.535_none_e6c3b34713100821\COMCTL32.dll
0x00007ffd62a80000 - 0x00007ffd62db6000 	C:\WINDOWS\System32\combase.dll
0x00007ffd610c0000 - 0x00007ffd61140000 	C:\WINDOWS\System32\bcryptPrimitives.dll
0x00007ffd624b0000 - 0x00007ffd624de000 	C:\WINDOWS\System32\IMM32.DLL
0x00007ffd5f920000 - 0x00007ffd5f951000 	C:\WINDOWS\SYSTEM32\ntmarta.dll
0x00007ffd60700000 - 0x00007ffd6072f000 	C:\WINDOWS\SYSTEM32\SspiCli.dll
0x000000006b060000 - 0x000000006b132000 	C:\Program Files\Java\jre1.8.0_231\bin\msvcr100.dll
0x000000006b170000 - 0x000000006ba16000 	C:\Program Files\Java\jre1.8.0_231\bin\server\jvm.dll
0x00007ffd62600000 - 0x00007ffd62608000 	C:\WINDOWS\System32\PSAPI.DLL
0x00007ffd4b760000 - 0x00007ffd4b769000 	C:\WINDOWS\SYSTEM32\WSOCK32.dll
0x00007ffd63250000 - 0x00007ffd632bf000 	C:\WINDOWS\System32\WS2_32.dll
0x00007ffd5d2d0000 - 0x00007ffd5d2f4000 	C:\WINDOWS\SYSTEM32\WINMM.dll
0x00007ffd5af40000 - 0x00007ffd5af4a000 	C:\WINDOWS\SYSTEM32\VERSION.dll
0x00007ffd5d2a0000 - 0x00007ffd5d2cd000 	C:\WINDOWS\SYSTEM32\WINMMBASE.dll
0x00007ffd60d10000 - 0x00007ffd60d5a000 	C:\WINDOWS\System32\cfgmgr32.dll
0x00007ffd53230000 - 0x00007ffd5323f000 	C:\Program Files\Java\jre1.8.0_231\bin\verify.dll
0x00007ffd43fa0000 - 0x00007ffd43fc9000 	C:\Program Files\Java\jre1.8.0_231\bin\java.dll
0x00007ffd52e10000 - 0x00007ffd52e26000 	C:\Program Files\Java\jre1.8.0_231\bin\zip.dll
0x00007ffd61dc0000 - 0x00007ffd624a5000 	C:\WINDOWS\System32\SHELL32.dll
0x00007ffd635c0000 - 0x00007ffd63669000 	C:\WINDOWS\System32\shcore.dll
0x00007ffd61140000 - 0x00007ffd618bf000 	C:\WINDOWS\System32\windows.storage.dll
0x00007ffd608b0000 - 0x00007ffd608cf000 	C:\WINDOWS\System32\profapi.dll
0x00007ffd60840000 - 0x00007ffd6088a000 	C:\WINDOWS\System32\powrprof.dll
0x00007ffd60810000 - 0x00007ffd60820000 	C:\WINDOWS\System32\UMPDC.dll
0x00007ffd630c0000 - 0x00007ffd63112000 	C:\WINDOWS\System32\shlwapi.dll
0x00007ffd60890000 - 0x00007ffd608a1000 	C:\WINDOWS\System32\kernel.appcore.dll
0x00007ffd60ac0000 - 0x00007ffd60ad7000 	C:\WINDOWS\System32\cryptsp.dll
0x00007ffd1dd90000 - 0x00007ffd1df2a000 	C:\Program Files\Java\jre1.8.0_231\bin\awt.dll
0x00007ffd619f0000 - 0x00007ffd61ab4000 	C:\WINDOWS\System32\OLEAUT32.dll
0x00007ffd5e7f0000 - 0x00007ffd5e87f000 	C:\WINDOWS\SYSTEM32\apphelp.dll
0x00007ffd5e970000 - 0x00007ffd5ea09000 	C:\WINDOWS\system32\uxtheme.dll
0x00007ffd632c0000 - 0x00007ffd633f5000 	C:\WINDOWS\System32\MSCTF.dll
0x00007ffd61b70000 - 0x00007ffd61cc6000 	C:\WINDOWS\System32\ole32.dll
0x00007ffd5eec0000 - 0x00007ffd5eeed000 	C:\WINDOWS\system32\DWMAPI.DLL
0x00007ffd1da80000 - 0x00007ffd1dbd6000 	C:\WINDOWS\system32\opengl32.dll
0x00007ffd53200000 - 0x00007ffd5322c000 	C:\WINDOWS\SYSTEM32\GLU32.dll
0x00007ffd5f480000 - 0x00007ffd5f4a0000 	C:\WINDOWS\SYSTEM32\dxcore.dll
0x00007ffd441d0000 - 0x00007ffd44397000 	C:\WINDOWS\system32\d3d9.dll
0x00007ffd59560000 - 0x00007ffd5964f000 	C:\WINDOWS\System32\DriverStore\FileRepository\nv_dispi.inf_amd64_77e6900053c33f6f\nvldumdx.dll
0x00007ffd60970000 - 0x00007ffd60ab9000 	C:\WINDOWS\System32\crypt32.dll
0x00007ffd60820000 - 0x00007ffd60832000 	C:\WINDOWS\System32\MSASN1.dll
0x00007ffd60b10000 - 0x00007ffd60b6c000 	C:\WINDOWS\System32\WINTRUST.DLL
0x00007ffd63400000 - 0x00007ffd6341d000 	C:\WINDOWS\System32\imagehlp.dll
0x00007ffd5fb90000 - 0x00007ffd5fbc3000 	C:\WINDOWS\system32\rsaenh.dll
0x00007ffd60ae0000 - 0x00007ffd60b06000 	C:\WINDOWS\System32\bcrypt.dll
0x00007ffd60250000 - 0x00007ffd6025c000 	C:\WINDOWS\SYSTEM32\CRYPTBASE.dll
0x00007ffd26ac0000 - 0x00007ffd27fc4000 	C:\WINDOWS\System32\DriverStore\FileRepository\nv_dispi.inf_amd64_77e6900053c33f6f\nvd3dumx.dll
0x00007ffd1d120000 - 0x00007ffd1d3e2000 	C:\WINDOWS\system32\nvspcap64.dll
0x00007ffd5af10000 - 0x00007ffd5af3f000 	C:\WINDOWS\SYSTEM32\cryptnet.dll
0x00007ffd5f430000 - 0x00007ffd5f452000 	C:\WINDOWS\SYSTEM32\gpapi.dll
0x00007ffd41ce0000 - 0x00007ffd41d29000 	C:\Program Files\Java\jre1.8.0_231\bin\fontmanager.dll
0x00007ffd46f50000 - 0x00007ffd46fee000 	C:\WINDOWS\System32\TextInputFramework.dll
0x00007ffd5b710000 - 0x00007ffd5ba3a000 	C:\WINDOWS\System32\CoreUIComponents.dll
0x00007ffd5e5a0000 - 0x00007ffd5e674000 	C:\WINDOWS\System32\CoreMessaging.dll
0x00007ffd5bce0000 - 0x00007ffd5be33000 	C:\WINDOWS\SYSTEM32\wintypes.dll
0x00007ffd55200000 - 0x00007ffd554a6000 	C:\WINDOWS\System32\iertutil.dll
0x00007ffd60730000 - 0x00007ffd60755000 	C:\WINDOWS\SYSTEM32\USERENV.dll
0x00007ffd51c70000 - 0x00007ffd51c8a000 	C:\Program Files\Java\jre1.8.0_231\bin\net.dll
0x00007ffd60080000 - 0x00007ffd600e7000 	C:\WINDOWS\system32\mswsock.dll
0x00007ffd5fd90000 - 0x00007ffd5fdca000 	C:\WINDOWS\SYSTEM32\IPHLPAPI.DLL
0x00007ffd63820000 - 0x00007ffd63828000 	C:\WINDOWS\System32\NSI.dll
0x00007ffd5a9f0000 - 0x00007ffd5aa06000 	C:\WINDOWS\SYSTEM32\dhcpcsvc6.DLL
0x00007ffd5aaa0000 - 0x00007ffd5aabc000 	C:\WINDOWS\SYSTEM32\dhcpcsvc.DLL
0x00007ffd5fdd0000 - 0x00007ffd5fe9a000 	C:\WINDOWS\SYSTEM32\DNSAPI.dll
0x00007ffd4be70000 - 0x00007ffd4be82000 	C:\Program Files\Java\jre1.8.0_231\bin\nio.dll
0x00007ffd548d0000 - 0x00007ffd548dc000 	C:\Program Files\Java\jre1.8.0_231\bin\jsound.dll
0x00007ffd531f0000 - 0x00007ffd531fb000 	C:\Program Files\Java\jre1.8.0_231\bin\jsoundds.dll
0x00007ffd2b8d0000 - 0x00007ffd2b969000 	C:\WINDOWS\SYSTEM32\DSOUND.dll
0x00007ffd5adb0000 - 0x00007ffd5ae22000 	C:\WINDOWS\SYSTEM32\MMDevAPI.DLL
0x00007ffd60610000 - 0x00007ffd6063a000 	C:\WINDOWS\SYSTEM32\DEVOBJ.dll
0x00007ffd4b900000 - 0x00007ffd4b944000 	C:\WINDOWS\SYSTEM32\wdmaud.drv
0x00007ffd3cc70000 - 0x00007ffd3cc79000 	C:\WINDOWS\SYSTEM32\ksuser.dll
0x00007ffd5c250000 - 0x00007ffd5c25a000 	C:\WINDOWS\SYSTEM32\AVRT.dll
0x00007ffd5ac50000 - 0x00007ffd5adad000 	C:\WINDOWS\SYSTEM32\AUDIOSES.DLL
0x00007ffd5d3c0000 - 0x00007ffd5d3cd000 	C:\WINDOWS\SYSTEM32\msacm32.drv
0x00007ffd4b800000 - 0x00007ffd4b81c000 	C:\WINDOWS\SYSTEM32\MSACM32.dll
0x00007ffd58e10000 - 0x00007ffd58e1a000 	C:\WINDOWS\SYSTEM32\midimap.dll
0x00007ffd631a0000 - 0x00007ffd63242000 	C:\WINDOWS\System32\clbcatq.dll

VM Arguments:
jvm_args: -Dfile.encoding=Cp1252 
java_command: alphaPackage.Launcher
java_class_path (initial): C:\Users\Nick\git\Epilogue\Epilogue\bin
Launcher Type: SUN_STANDARD

Environment Variables:
PATH=C:/Program Files/Java/jre1.8.0_231/bin/server;C:/Program Files/Java/jre1.8.0_231/bin;C:/Program Files/Java/jre1.8.0_231/lib/amd64;C:\Program Files (x86)\Intel\iCLS Client\;C:\Program Files (x86)\Razer Chroma SDK\bin;C:\Program Files\Razer Chroma SDK\bin;C:\Program Files (x86)\Common Files\Oracle\Java\javapath;C:\ProgramData\Oracle\Java\javapath;C:\Program Files\Intel\iCLS Client\;C:\WINDOWS\system32;C:\WINDOWS;C:\WINDOWS\System32\Wbem;C:\WINDOWS\System32\WindowsPowerShell\v1.0\;C:\Program Files\Intel\Intel(R) Management Engine Components\DAL;C:\Program Files\Intel\Intel(R) Management Engine Components\IPT;C:\Program Files (x86)\Intel\Intel(R) Management Engine Components\DAL;C:\Program Files (x86)\Intel\Intel(R) Management Engine Components\IPT;C:\Program Files (x86)\ATI Technologies\ATI.ACE\Core-Static;C:\Program Files (x86)\Windows Live\Shared;C:\Program Files (x86)\Skype\Phone\;C:\Program Files\Microsoft\Web Platform Installer\;C:\Program Files (x86)\Microsoft ASP.NET\ASP.NET Web Pages\v1.0\;C:\Program Files\Microsoft SQL Server\110\Tools\Binn\;C:\Program Files (x86)\NVIDIA Corporation\PhysX\Common;C:\Windows\system32;C:\Windows;C:\Windows\System32\Wbem;C:\Windows\System32\WindowsPowerShell\v1.0\;C:\Windows\System32\OpenSSH\;C:\Windows\system32\config\systemprofile\AppData\Local\Microsoft\WindowsApps;C:\Program Files\NVIDIA Corporation\NVIDIA NvDLISR;C:\Program Files\Intel\WiFi\bin\;C:\Program Files\Common Files\Intel\WirelessCommon\;C:\Program Files (x86)\QuickTime Alternative\QTSystem;%SystemRoot%\system32;%SystemRoot%;%SystemRoot%\System32\Wbem;%SYSTEMROOT%\System32\WindowsPowerShell\v1.0\;%SYSTEMROOT%\System32\OpenSSH\;C:\Users\Nick\AppData\Local\Programs\Python\Python35-32\Scripts\;C:\Users\Nick\AppData\Local\Programs\Python\Python35-32\;C:\Users\Nick\AppData\Local\Microsoft\WindowsApps;C:\Program Files\Intel\WiFi\bin\;C:\Program Files\Common Files\Intel\WirelessCommon\;%DASHLANE_DLL_DIR%;C:\WINDOWS\System32;
USERNAME=Nick
OS=Windows_NT
PROCESSOR_IDENTIFIER=Intel64 Family 6 Model 158 Stepping 10, GenuineIntel



---------------  S Y S T E M  ---------------

OS: Windows 10.0 , 64 bit Build 18362 (10.0.18362.329)

CPU:total 12 (initial active 12) (6 cores per cpu, 2 threads per core) family 6 model 158 stepping 10, cmov, cx8, fxsr, mmx, sse, sse2, sse3, ssse3, sse4.1, sse4.2, popcnt, avx, avx2, aes, clmul, erms, rtm, 3dnowpref, lzcnt, ht, tsc, tscinvbit, bmi1, bmi2, adx

Memory: 4k page, physical 16690676k(4652324k free), swap 16690676k(5220k free)

vm_info: Java HotSpot(TM) 64-Bit Server VM (25.231-b11) for windows-amd64 JRE (1.8.0_231-b11), built on Oct  5 2019 03:11:30 by "java_re" with MS VC++ 10.0 (VS2010)

time: Sat Jan 04 02:53:45 2020
timezone: Eastern Standard Time
elapsed time: 7 seconds (0d 0h 0m 7s)

